<?xml version="1.0" encoding="UTF-8"?>
<testng-results ignored="0" total="1" passed="1" failed="0" skipped="0">
  <reporter-output>
  </reporter-output>
  <suite started-at="2024-11-08T18:05:49 IST" name="Default suite" finished-at="2024-11-08T18:05:52 IST" duration-ms="2944">
    <groups>
    </groups>
    <test started-at="2024-11-08T18:05:49 IST" name="Default test" finished-at="2024-11-08T18:05:52 IST" duration-ms="2944">
      <class name="functionalTests.GetWeatherDetailsFunctionalTest">
        <test-method signature="f()[pri:0, instance:functionalTests.GetWeatherDetailsFunctionalTest@4c1909a3]" started-at="2024-11-08T18:05:49 IST" name="f" finished-at="2024-11-08T18:05:52 IST" duration-ms="2883" status="PASS">
          <reporter-output>
          </reporter-output>
        </test-method> <!-- f -->
      </class> <!-- functionalTests.GetWeatherDetailsFunctionalTest -->
    </test> <!-- Default test -->
  </suite> <!-- Default suite -->
</testng-results>
